<?xml version="1.0" encoding="UTF-8"?>
<testsuite xmlns:xsi="http://www.w3.org/2001/XMLSchema-instance" xsi:noNamespaceSchemaLocation="https://maven.apache.org/surefire/maven-surefire-plugin/xsd/surefire-test-report.xsd" name="com.example.adapters.CoffeeTouchscreenAdapterTest" time="0.128" tests="2" errors="0" skipped="0" failures="0">
  <properties>
[...]
</properties>
  <testcase name="testChooseSecondSelection" classname="com.example.adapters.CoffeeTouchscreenAdapterTest" time="0.102"/>
  <testcase name="testChooseFirstSelection" classname="com.example.adapters.CoffeeTouchscreenAdapterTest" time="0"/>
</testsuite>